<?xml version="1.0" encoding="UTF-8"?>
<testsuite xmlns:xsi="http://www.w3.org/2001/XMLSchema-instance" xsi:noNamespaceSchemaLocation="https://maven.apache.org/surefire/maven-surefire-plugin/xsd/surefire-test-report.xsd" name="com.example.runners.Runner" time="0" tests="0" errors="0" skipped="0" failures="0">
  <properties>
    <property name="java.specification.version" value="17"/>
    <property name="sun.cpu.isalist" value="amd64"/>
    <property name="sun.jnu.encoding" value="Cp1252"/>
    <property name="java.class.path" value="D:\Users\guss_\Documents\CODE\CURSOS\Udemy\Aprenda BDD com Cucumber em JAVA\Aulas\curso-cucumber\target\test-classes;D:\Users\guss_\Documents\CODE\CURSOS\Udemy\Aprenda BDD com Cucumber em JAVA\Aulas\curso-cucumber\target\classes;C:\Users\guss_\.m2\repository\junit\junit\4.12\junit-4.12.jar;C:\Users\guss_\.m2\repository\org\hamcrest\hamcrest-core\1.3\hamcrest-core-1.3.jar;C:\Users\guss_\.m2\repository\io\cucumber\cucumber-junit\4.8.0\cucumber-junit-4.8.0.jar;C:\Users\guss_\.m2\repository\org\apiguardian\apiguardian-api\1.1.0\apiguardian-api-1.1.0.jar;C:\Users\guss_\.m2\repository\io\cucumber\cucumber-core\4.8.0\cucumber-core-4.8.0.jar;C:\Users\guss_\.m2\repository\io\cucumber\gherkin\5.1.0\gherkin-5.1.0.jar;C:\Users\guss_\.m2\repository\io\cucumber\tag-expressions\1.1.1\tag-expressions-1.1.1.jar;C:\Users\guss_\.m2\repository\io\cucumber\cucumber-expressions\7.0.2\cucumber-expressions-7.0.2.jar;C:\Users\guss_\.m2\repository\io\cucumber\datatable\1.1.14\datatable-1.1.14.jar;C:\Users\guss_\.m2\repository\io\cucumber\datatable-dependencies\1.1.14\datatable-dependencies-1.1.14.jar;C:\Users\guss_\.m2\repository\io\cucumber\cucumber-java\4.8.0\cucumber-java-4.8.0.jar;C:\Users\guss_\.m2\repository\commons-io\commons-io\2.11.0\commons-io-2.11.0.jar;C:\Users\guss_\.m2\repository\org\seleniumhq\selenium\selenium-java\3.11.0\selenium-java-3.11.0.jar;C:\Users\guss_\.m2\repository\org\seleniumhq\selenium\selenium-api\3.11.0\selenium-api-3.11.0.jar;C:\Users\guss_\.m2\repository\org\seleniumhq\selenium\selenium-chrome-driver\3.11.0\selenium-chrome-driver-3.11.0.jar;C:\Users\guss_\.m2\repository\org\seleniumhq\selenium\selenium-edge-driver\3.11.0\selenium-edge-driver-3.11.0.jar;C:\Users\guss_\.m2\repository\org\seleniumhq\selenium\selenium-firefox-driver\3.11.0\selenium-firefox-driver-3.11.0.jar;C:\Users\guss_\.m2\repository\org\seleniumhq\selenium\selenium-ie-driver\3.11.0\selenium-ie-driver-3.11.0.jar;C:\Users\guss_\.m2\repository\org\seleniumhq\selenium\selenium-opera-driver\3.11.0\selenium-opera-driver-3.11.0.jar;C:\Users\guss_\.m2\repository\org\seleniumhq\selenium\selenium-remote-driver\3.11.0\selenium-remote-driver-3.11.0.jar;C:\Users\guss_\.m2\repository\org\seleniumhq\selenium\selenium-safari-driver\3.11.0\selenium-safari-driver-3.11.0.jar;C:\Users\guss_\.m2\repository\org\seleniumhq\selenium\selenium-support\3.11.0\selenium-support-3.11.0.jar;C:\Users\guss_\.m2\repository\net\bytebuddy\byte-buddy\1.7.9\byte-buddy-1.7.9.jar;C:\Users\guss_\.m2\repository\org\apache\commons\commons-exec\1.3\commons-exec-1.3.jar;C:\Users\guss_\.m2\repository\commons-codec\commons-codec\1.10\commons-codec-1.10.jar;C:\Users\guss_\.m2\repository\commons-logging\commons-logging\1.2\commons-logging-1.2.jar;C:\Users\guss_\.m2\repository\com\google\code\gson\gson\2.8.2\gson-2.8.2.jar;C:\Users\guss_\.m2\repository\com\google\guava\guava\23.6-jre\guava-23.6-jre.jar;C:\Users\guss_\.m2\repository\com\google\code\findbugs\jsr305\1.3.9\jsr305-1.3.9.jar;C:\Users\guss_\.m2\repository\org\checkerframework\checker-compat-qual\2.0.0\checker-compat-qual-2.0.0.jar;C:\Users\guss_\.m2\repository\com\google\errorprone\error_prone_annotations\2.1.3\error_prone_annotations-2.1.3.jar;C:\Users\guss_\.m2\repository\com\google\j2objc\j2objc-annotations\1.1\j2objc-annotations-1.1.jar;C:\Users\guss_\.m2\repository\org\codehaus\mojo\animal-sniffer-annotations\1.14\animal-sniffer-annotations-1.14.jar;C:\Users\guss_\.m2\repository\org\apache\httpcomponents\httpclient\4.5.3\httpclient-4.5.3.jar;C:\Users\guss_\.m2\repository\org\apache\httpcomponents\httpcore\4.4.6\httpcore-4.4.6.jar;C:\Users\guss_\.m2\repository\com\squareup\okhttp3\okhttp\3.9.1\okhttp-3.9.1.jar;C:\Users\guss_\.m2\repository\com\squareup\okio\okio\1.13.0\okio-1.13.0.jar;"/>
    <property name="java.vm.vendor" value="Eclipse Adoptium"/>
    <property name="sun.arch.data.model" value="64"/>
    <property name="user.variant" value=""/>
    <property name="java.vendor.url" value="https://adoptium.net/"/>
    <property name="user.timezone" value="America/Sao_Paulo"/>
    <property name="os.name" value="Windows 11"/>
    <property name="java.vm.specification.version" value="17"/>
    <property name="sun.java.launcher" value="SUN_STANDARD"/>
    <property name="user.country" value="BR"/>
    <property name="sun.boot.library.path" value="C:\Users\guss_\scoop\apps\temurin-lts-jdk\current\bin"/>
    <property name="sun.java.command" value="C:\Users\guss_\AppData\Local\Temp\surefire11337264318516214749\surefirebooter11558009501066631123.jar C:\Users\guss_\AppData\Local\Temp\surefire11337264318516214749 2022-10-05T11-56-13_448-jvmRun1 surefire2972612889133914166tmp surefire_09458098532991794265tmp"/>
    <property name="jdk.debug" value="release"/>
    <property name="surefire.test.class.path" value="D:\Users\guss_\Documents\CODE\CURSOS\Udemy\Aprenda BDD com Cucumber em JAVA\Aulas\curso-cucumber\target\test-classes;D:\Users\guss_\Documents\CODE\CURSOS\Udemy\Aprenda BDD com Cucumber em JAVA\Aulas\curso-cucumber\target\classes;C:\Users\guss_\.m2\repository\junit\junit\4.12\junit-4.12.jar;C:\Users\guss_\.m2\repository\org\hamcrest\hamcrest-core\1.3\hamcrest-core-1.3.jar;C:\Users\guss_\.m2\repository\io\cucumber\cucumber-junit\4.8.0\cucumber-junit-4.8.0.jar;C:\Users\guss_\.m2\repository\org\apiguardian\apiguardian-api\1.1.0\apiguardian-api-1.1.0.jar;C:\Users\guss_\.m2\repository\io\cucumber\cucumber-core\4.8.0\cucumber-core-4.8.0.jar;C:\Users\guss_\.m2\repository\io\cucumber\gherkin\5.1.0\gherkin-5.1.0.jar;C:\Users\guss_\.m2\repository\io\cucumber\tag-expressions\1.1.1\tag-expressions-1.1.1.jar;C:\Users\guss_\.m2\repository\io\cucumber\cucumber-expressions\7.0.2\cucumber-expressions-7.0.2.jar;C:\Users\guss_\.m2\repository\io\cucumber\datatable\1.1.14\datatable-1.1.14.jar;C:\Users\guss_\.m2\repository\io\cucumber\datatable-dependencies\1.1.14\datatable-dependencies-1.1.14.jar;C:\Users\guss_\.m2\repository\io\cucumber\cucumber-java\4.8.0\cucumber-java-4.8.0.jar;C:\Users\guss_\.m2\repository\commons-io\commons-io\2.11.0\commons-io-2.11.0.jar;C:\Users\guss_\.m2\repository\org\seleniumhq\selenium\selenium-java\3.11.0\selenium-java-3.11.0.jar;C:\Users\guss_\.m2\repository\org\seleniumhq\selenium\selenium-api\3.11.0\selenium-api-3.11.0.jar;C:\Users\guss_\.m2\repository\org\seleniumhq\selenium\selenium-chrome-driver\3.11.0\selenium-chrome-driver-3.11.0.jar;C:\Users\guss_\.m2\repository\org\seleniumhq\selenium\selenium-edge-driver\3.11.0\selenium-edge-driver-3.11.0.jar;C:\Users\guss_\.m2\repository\org\seleniumhq\selenium\selenium-firefox-driver\3.11.0\selenium-firefox-driver-3.11.0.jar;C:\Users\guss_\.m2\repository\org\seleniumhq\selenium\selenium-ie-driver\3.11.0\selenium-ie-driver-3.11.0.jar;C:\Users\guss_\.m2\repository\org\seleniumhq\selenium\selenium-opera-driver\3.11.0\selenium-opera-driver-3.11.0.jar;C:\Users\guss_\.m2\repository\org\seleniumhq\selenium\selenium-remote-driver\3.11.0\selenium-remote-driver-3.11.0.jar;C:\Users\guss_\.m2\repository\org\seleniumhq\selenium\selenium-safari-driver\3.11.0\selenium-safari-driver-3.11.0.jar;C:\Users\guss_\.m2\repository\org\seleniumhq\selenium\selenium-support\3.11.0\selenium-support-3.11.0.jar;C:\Users\guss_\.m2\repository\net\bytebuddy\byte-buddy\1.7.9\byte-buddy-1.7.9.jar;C:\Users\guss_\.m2\repository\org\apache\commons\commons-exec\1.3\commons-exec-1.3.jar;C:\Users\guss_\.m2\repository\commons-codec\commons-codec\1.10\commons-codec-1.10.jar;C:\Users\guss_\.m2\repository\commons-logging\commons-logging\1.2\commons-logging-1.2.jar;C:\Users\guss_\.m2\repository\com\google\code\gson\gson\2.8.2\gson-2.8.2.jar;C:\Users\guss_\.m2\repository\com\google\guava\guava\23.6-jre\guava-23.6-jre.jar;C:\Users\guss_\.m2\repository\com\google\code\findbugs\jsr305\1.3.9\jsr305-1.3.9.jar;C:\Users\guss_\.m2\repository\org\checkerframework\checker-compat-qual\2.0.0\checker-compat-qual-2.0.0.jar;C:\Users\guss_\.m2\repository\com\google\errorprone\error_prone_annotations\2.1.3\error_prone_annotations-2.1.3.jar;C:\Users\guss_\.m2\repository\com\google\j2objc\j2objc-annotations\1.1\j2objc-annotations-1.1.jar;C:\Users\guss_\.m2\repository\org\codehaus\mojo\animal-sniffer-annotations\1.14\animal-sniffer-annotations-1.14.jar;C:\Users\guss_\.m2\repository\org\apache\httpcomponents\httpclient\4.5.3\httpclient-4.5.3.jar;C:\Users\guss_\.m2\repository\org\apache\httpcomponents\httpcore\4.4.6\httpcore-4.4.6.jar;C:\Users\guss_\.m2\repository\com\squareup\okhttp3\okhttp\3.9.1\okhttp-3.9.1.jar;C:\Users\guss_\.m2\repository\com\squareup\okio\okio\1.13.0\okio-1.13.0.jar;"/>
    <property name="sun.cpu.endian" value="little"/>
    <property name="user.home" value="C:\Users\guss_"/>
    <property name="user.language" value="pt"/>
    <property name="java.specification.vendor" value="Oracle Corporation"/>
    <property name="java.version.date" value="2022-08-12"/>
    <property name="java.home" value="C:\Users\guss_\scoop\apps\temurin-lts-jdk\current"/>
    <property name="file.separator" value="\"/>
    <property name="basedir" value="D:\Users\guss_\Documents\CODE\CURSOS\Udemy\Aprenda BDD com Cucumber em JAVA\Aulas\curso-cucumber"/>
    <property name="java.vm.compressedOopsMode" value="Zero based"/>
    <property name="line.separator" value="&#10;"/>
    <property name="java.vm.specification.vendor" value="Oracle Corporation"/>
    <property name="java.specification.name" value="Java Platform API Specification"/>
    <property name="surefire.real.class.path" value="C:\Users\guss_\AppData\Local\Temp\surefire11337264318516214749\surefirebooter11558009501066631123.jar"/>
    <property name="user.script" value=""/>
    <property name="sun.management.compiler" value="HotSpot 64-Bit Tiered Compilers"/>
    <property name="java.runtime.version" value="17.0.4.1+1"/>
    <property name="user.name" value="guss_"/>
    <property name="path.separator" value=";"/>
    <property name="os.version" value="10.0"/>
    <property name="java.runtime.name" value="OpenJDK Runtime Environment"/>
    <property name="file.encoding" value="Cp1252"/>
    <property name="java.vm.name" value="OpenJDK 64-Bit Server VM"/>
    <property name="java.vendor.version" value="Temurin-17.0.4.1+1"/>
    <property name="localRepository" value="C:\Users\guss_\.m2\repository"/>
    <property name="java.vendor.url.bug" value="https://github.com/adoptium/adoptium-support/issues"/>
    <property name="java.io.tmpdir" value="C:\Users\guss_\AppData\Local\Temp\"/>
    <property name="java.version" value="17.0.4.1"/>
    <property name="user.dir" value="D:\Users\guss_\Documents\CODE\CURSOS\Udemy\Aprenda BDD com Cucumber em JAVA\Aulas\curso-cucumber"/>
    <property name="os.arch" value="amd64"/>
    <property name="java.vm.specification.name" value="Java Virtual Machine Specification"/>
    <property name="sun.os.patch.level" value=""/>
    <property name="native.encoding" value="Cp1252"/>
    <property name="java.library.path" value="C:\Users\guss_\scoop\apps\temurin-lts-jdk\current\bin;C:\WINDOWS\Sun\Java\bin;C:\WINDOWS\system32;C:\WINDOWS;C:\Users\guss_\scoop\apps\oh-my-posh\current\bin;C:\Program Files\WindowsApps\Microsoft.PowerShell_7.2.6.0_x64__8wekyb3d8bbwe;C:\Python310\Scripts\;C:\Python310\;C:\Windows;C:\Windows\system32;C:\Windows\System32\Wbem;C:\Windows\System32\WindowsPowerShell\v1.0\;C:\Windows\System32\OpenSSH\;C:\Program Files\NVIDIA Corporation\NVIDIA NvDLISR;C:\Users\guss_\scoop\apps\dotnet-sdk\current;C:\WINDOWS\system32;C:\WINDOWS;C:\WINDOWS\System32\Wbem;C:\WINDOWS\System32\WindowsPowerShell\v1.0\;C:\WINDOWS\System32\OpenSSH\;C:\ProgramData\chocolatey\bin;C:\Program Files\dotnet\;C:\Program Files (x86)\NVIDIA Corporation\PhysX\Common;C:\Program Files (x86)\Windows Kits\10\Windows Performance Toolkit\;C:\tools\php81;C:\Program Files\nodejs\;C:\Program Files\Git\cmd;C:\Users\guss_\scoop\apps\selenium\4.2.0;C:\Users\guss_\scoop\apps\dotnet3-sdk\current;C:\Users\guss_\scoop\apps\composer\current\home\vendor\bin;C:\Users\guss_\scoop\apps\temurin-lts-jdk\current\bin;C:\Users\guss_\scoop\apps\gnupg\current\bin;C:\Users\guss_\scoop\apps\mingw\current\bin;C:\Users\guss_\scoop\apps\gcc-msys\current\bin;C:\Users\guss_\scoop\apps\ruby\current\bin;C:\Users\guss_\scoop\apps\ruby\current\gems\bin;C:\Users\guss_\scoop\apps\luarocks\current\rocks\bin;C:\Users\guss_\scoop\apps\openjdk8-redhat\current\bin;C:\Users\guss_\scoop\apps\latex\current\texmfs\install\miktex\bin\x64;C:\Users\guss_\scoop\apps\llvm\current\bin;C:\Users\guss_\scoop\apps\ghostscript\current\lib;C:\Users\guss_\scoop\apps\yarn\current\global\node_modules\.bin;C:\Users\guss_\scoop\apps\yarn\current\bin;C:\Users\guss_\scoop\apps\maven\current\bin;C:\Users\guss_\scoop\apps\mariadb\current\bin\;C:\Users\guss_\scoop\apps\hyper\current\resources\bin;C:\Users\guss_\scoop\apps\neovim\current\bin;C:\Users\guss_\scoop\apps\edgedriver\current\;C:\Users\guss_\scoop\apps\geckodriver\current\;C:\Users\guss_\scoop\apps\chromedriver\current\;C:\Users\guss_\scoop\apps\unxutils\current\usr\local\wbin;C:\Users\guss_\scoop\shims;C:\Program Files (x86)\Common Files\Oracle\Java\javapath;C:\Users\guss_\AppData\Local\Microsoft\WindowsApps;C:\Users\guss_\AppData\Local\Programs\Microsoft VS Code\bin;C:\Users\guss_\AppData\Local\Programs\oh-my-posh\bin;C:\Users\guss_\AppData\Local\Android\Sdk\emulator;C:\Users\guss_\AppData\Local\Android\Sdk\tools;C:\Users\guss_\AppData\Local\Android\Sdk\tools\bin;C:\Users\guss_\AppData\Local\Android\Sdk\platform-tools;C:\Users\guss_\go\bin;C:\Users\guss_\.dotnet\tools;C:\Program Files\Java\jdk17.0.2-zulu-win_x64\bin;C:\Users\guss_\scoop\apps\hyper\3.3.0\resources\bin;C:\Users\guss_\AppData\Roaming\npm;C:\Users\guss_\AppData\Local\Microsoft\WindowsApps;."/>
    <property name="java.vm.info" value="mixed mode, sharing"/>
    <property name="java.vendor" value="Eclipse Adoptium"/>
    <property name="java.vm.version" value="17.0.4.1+1"/>
    <property name="sun.io.unicode.encoding" value="UnicodeLittle"/>
    <property name="java.class.version" value="61.0"/>
  </properties>
</testsuite>